# JRE version: OpenJDK Runtime Environment (11.0.10) (build 11.0.10+0-b96-7249189)
# Java VM: OpenJDK 64-Bit Server VM (11.0.10+0-b96-7249189, mixed mode, tiered, compressed oops, g1 gc, linux-amd64)
Heap:
 garbage-first heap   total 262144K, used 162986K [0x0000000080000000, 0x0000000100000000)
  region size 1024K, 34 young (34816K), 9 survivors (9216K)
 Metaspace       used 121614K, capacity 125169K, committed 125440K, reserved 1159168K
  class space    used 15265K, capacity 16607K, committed 16640K, reserved 1048576K
GC Heap History (20 events):
Event: 1020,347 GC heap before
{Heap before GC invocations=80 (full 0):
 garbage-first heap   total 262144K, used 127488K [0x0000000080000000, 0x0000000100000000)
  region size 1024K, 2 young (2048K), 1 survivors (1024K)
 Metaspace       used 121153K, capacity 124765K, committed 124928K, reserved 1157120K
  class space    used 15262K, capacity 16605K, committed 16640K, reserved 1048576K
}
Event: 1020,354 GC heap after
{Heap after GC invocations=81 (full 0):
 garbage-first heap   total 262144K, used 127369K [0x0000000080000000, 0x0000000100000000)
  region size 1024K, 1 young (1024K), 1 survivors (1024K)
 Metaspace       used 121153K, capacity 124765K, committed 124928K, reserved 1157120K
  class space    used 15262K, capacity 16605K, committed 16640K, reserved 1048576K
}
Event: 1021,205 GC heap before
{Heap before GC invocations=82 (full 0):
 garbage-first heap   total 262144K, used 211337K [0x0000000080000000, 0x0000000100000000)
  region size 1024K, 69 young (70656K), 1 survivors (1024K)
 Metaspace       used 121196K, capacity 124769K, committed 124928K, reserved 1157120K
  class space    used 15262K, capacity 16605K, committed 16640K, reserved 1048576K
}
Event: 1021,219 GC heap after
{Heap after GC invocations=83 (full 0):
 garbage-first heap   total 262144K, used 130322K [0x0000000080000000, 0x0000000100000000)
  region size 1024K, 4 young (4096K), 4 survivors (4096K)
 Metaspace       used 121196K, capacity 124769K, committed 124928K, reserved 1157120K
  class space    used 15262K, capacity 16605K, committed 16640K, reserved 1048576K
}
Event: 1120,555 GC heap before
{Heap before GC invocations=83 (full 0):
 garbage-first heap   total 262144K, used 147730K [0x0000000080000000, 0x0000000100000000)
  region size 1024K, 12 young (12288K), 4 survivors (4096K)
 Metaspace       used 121211K, capacity 124834K, committed 124928K, reserved 1157120K
  class space    used 15262K, capacity 16605K, committed 16640K, reserved 1048576K
}
Event: 1120,574 GC heap after
{Heap after GC invocations=84 (full 0):
 garbage-first heap   total 262144K, used 112701K [0x0000000080000000, 0x0000000100000000)
  region size 1024K, 1 young (1024K), 1 survivors (1024K)
 Metaspace       used 121211K, capacity 124834K, committed 124928K, reserved 1157120K
  class space    used 15262K, capacity 16605K, committed 16640K, reserved 1048576K
}
Event: 1167,300 GC heap before
{Heap before GC invocations=84 (full 0):
 garbage-first heap   total 262144K, used 148541K [0x0000000080000000, 0x0000000100000000)
  region size 1024K, 38 young (38912K), 1 survivors (1024K)
 Metaspace       used 121327K, capacity 124964K, committed 125184K, reserved 1157120K
  class space    used 15262K, capacity 16605K, committed 16640K, reserved 1048576K
}
Event: 1167,313 GC heap after
{Heap after GC invocations=85 (full 0):
 garbage-first heap   total 262144K, used 116699K [0x0000000080000000, 0x0000000100000000)
  region size 1024K, 5 young (5120K), 5 survivors (5120K)
 Metaspace       used 121327K, capacity 124964K, committed 125184K, reserved 1157120K
  class space    used 15262K, capacity 16605K, committed 16640K, reserved 1048576K
}
Event: 1168,047 GC heap before
{Heap before GC invocations=86 (full 0):
 garbage-first heap   total 262144K, used 202715K [0x0000000080000000, 0x0000000100000000)
  region size 1024K, 86 young (88064K), 5 survivors (5120K)
 Metaspace       used 121371K, capacity 124964K, committed 125184K, reserved 1157120K
  class space    used 15262K, capacity 16605K, committed 16640K, reserved 1048576K
}
Event: 1168,062 GC heap after
{Heap after GC invocations=87 (full 0):
 garbage-first heap   total 262144K, used 109403K [0x0000000080000000, 0x0000000100000000)
  region size 1024K, 11 young (11264K), 11 survivors (11264K)
 Metaspace       used 121371K, capacity 124964K, committed 125184K, reserved 1157120K
  class space    used 15262K, capacity 16605K, committed 16640K, reserved 1048576K
}
Event: 1168,063 GC heap before
{Heap before GC invocations=87 (full 0):
 garbage-first heap   total 262144K, used 110427K [0x0000000080000000, 0x0000000100000000)
  region size 1024K, 12 young (12288K), 11 survivors (11264K)
 Metaspace       used 121371K, capacity 124964K, committed 125184K, reserved 1157120K
  class space    used 15262K, capacity 16605K, committed 16640K, reserved 1048576K
}
Event: 1168,077 GC heap after
{Heap after GC invocations=88 (full 0):
 garbage-first heap   total 262144K, used 103571K [0x0000000080000000, 0x0000000100000000)
  region size 1024K, 1 young (1024K), 1 survivors (1024K)
 Metaspace       used 121371K, capacity 124964K, committed 125184K, reserved 1157120K
  class space    used 15262K, capacity 16605K, committed 16640K, reserved 1048576K
}
Event: 1168,191 GC heap before
{Heap before GC invocations=88 (full 0):
 garbage-first heap   total 262144K, used 130195K [0x0000000080000000, 0x0000000100000000)
  region size 1024K, 29 young (29696K), 1 survivors (1024K)
 Metaspace       used 121390K, capacity 124971K, committed 125184K, reserved 1157120K
  class space    used 15263K, capacity 16606K, committed 16640K, reserved 1048576K
}
Event: 1168,198 GC heap after
{Heap after GC invocations=89 (full 0):
 garbage-first heap   total 262144K, used 103455K [0x0000000080000000, 0x0000000100000000)
  region size 1024K, 1 young (1024K), 1 survivors (1024K)
 Metaspace       used 121390K, capacity 124971K, committed 125184K, reserved 1157120K
  class space    used 15263K, capacity 16606K, committed 16640K, reserved 1048576K
}
Event: 3090,227 GC heap before
{Heap before GC invocations=90 (full 0):
 garbage-first heap   total 262144K, used 216095K [0x0000000080000000, 0x0000000100000000)
  region size 1024K, 100 young (102400K), 1 survivors (1024K)
 Metaspace       used 121527K, capacity 125035K, committed 125184K, reserved 1157120K
  class space    used 15263K, capacity 16606K, committed 16640K, reserved 1048576K
}
Event: 3090,300 GC heap after
{Heap after GC invocations=91 (full 0):
 garbage-first heap   total 262144K, used 120568K [0x0000000080000000, 0x0000000100000000)
  region size 1024K, 13 young (13312K), 13 survivors (13312K)
 Metaspace       used 121527K, capacity 125035K, committed 125184K, reserved 1157120K
  class space    used 15263K, capacity 16606K, committed 16640K, reserved 1048576K
}
Event: 3090,305 GC heap before
{Heap before GC invocations=91 (full 0):
 garbage-first heap   total 262144K, used 120568K [0x0000000080000000, 0x0000000100000000)
  region size 1024K, 14 young (14336K), 13 survivors (13312K)
 Metaspace       used 121527K, capacity 125035K, committed 125184K, reserved 1157120K
  class space    used 15263K, capacity 16606K, committed 16640K, reserved 1048576K
}
Event: 3090,363 GC heap after
{Heap after GC invocations=92 (full 0):
 garbage-first heap   total 262144K, used 116081K [0x0000000080000000, 0x0000000100000000)
  region size 1024K, 2 young (2048K), 2 survivors (2048K)
 Metaspace       used 121527K, capacity 125035K, committed 125184K, reserved 1157120K
  class space    used 15263K, capacity 16606K, committed 16640K, reserved 1048576K
}
Event: 3090,450 GC heap before
{Heap before GC invocations=92 (full 0):
 garbage-first heap   total 262144K, used 132465K [0x0000000080000000, 0x0000000100000000)
  region size 1024K, 20 young (20480K), 2 survivors (2048K)
 Metaspace       used 121528K, capacity 125035K, committed 125184K, reserved 1157120K
  class space    used 15263K, capacity 16606K, committed 16640K, reserved 1048576K
}
Event: 3090,471 GC heap after
{Heap after GC invocations=93 (full 0):
 garbage-first heap   total 262144K, used 123050K [0x0000000080000000, 0x0000000100000000)
  region size 1024K, 9 young (9216K), 9 survivors (9216K)
 Metaspace       used 121528K, capacity 125035K, committed 125184K, reserved 1157120K
  class space    used 15263K, capacity 16606K, committed 16640K, reserved 1048576K
}

