# JRE version: OpenJDK Runtime Environment (11.0.10) (build 11.0.10+0-b96-7249189)
# Java VM: OpenJDK 64-Bit Server VM (11.0.10+0-b96-7249189, mixed mode, tiered, compressed oops, g1 gc, linux-amd64)
Heap:
 garbage-first heap   total 249856K, used 103416K [0x0000000080000000, 0x0000000100000000)
  region size 1024K, 22 young (22528K), 4 survivors (4096K)
 Metaspace       used 119975K, capacity 123426K, committed 123808K, reserved 1157120K
  class space    used 15027K, capacity 16247K, committed 16340K, reserved 1048576K
GC Heap History (20 events):
Event: 3882,683 GC heap before
{Heap before GC invocations=48 (full 0):
 garbage-first heap   total 249856K, used 148093K [0x0000000080000000, 0x0000000100000000)
  region size 1024K, 42 young (43008K), 2 survivors (2048K)
 Metaspace       used 117899K, capacity 120913K, committed 121120K, reserved 1155072K
  class space    used 14800K, capacity 15881K, committed 15956K, reserved 1048576K
}
Event: 3882,703 GC heap after
{Heap after GC invocations=49 (full 0):
 garbage-first heap   total 249856K, used 110970K [0x0000000080000000, 0x0000000100000000)
  region size 1024K, 4 young (4096K), 4 survivors (4096K)
 Metaspace       used 117899K, capacity 120913K, committed 121120K, reserved 1155072K
  class space    used 14800K, capacity 15881K, committed 15956K, reserved 1048576K
}
Event: 4316,139 GC heap before
{Heap before GC invocations=50 (full 0):
 garbage-first heap   total 249856K, used 196986K [0x0000000080000000, 0x0000000100000000)
  region size 1024K, 79 young (80896K), 4 survivors (4096K)
 Metaspace       used 118195K, capacity 121172K, committed 121376K, reserved 1155072K
  class space    used 14818K, capacity 15914K, committed 15956K, reserved 1048576K
}
Event: 4316,148 GC heap after
{Heap after GC invocations=51 (full 0):
 garbage-first heap   total 249856K, used 111784K [0x0000000080000000, 0x0000000100000000)
  region size 1024K, 5 young (5120K), 5 survivors (5120K)
 Metaspace       used 118195K, capacity 121172K, committed 121376K, reserved 1155072K
  class space    used 14818K, capacity 15914K, committed 15956K, reserved 1048576K
}
Event: 4316,208 GC heap before
{Heap before GC invocations=51 (full 0):
 garbage-first heap   total 249856K, used 118952K [0x0000000080000000, 0x0000000100000000)
  region size 1024K, 12 young (12288K), 5 survivors (5120K)
 Metaspace       used 118310K, capacity 121304K, committed 121376K, reserved 1155072K
  class space    used 14833K, capacity 15941K, committed 15956K, reserved 1048576K
}
Event: 4316,229 GC heap after
{Heap after GC invocations=52 (full 0):
 garbage-first heap   total 249856K, used 96090K [0x0000000080000000, 0x0000000100000000)
  region size 1024K, 2 young (2048K), 2 survivors (2048K)
 Metaspace       used 118310K, capacity 121304K, committed 121376K, reserved 1155072K
  class space    used 14833K, capacity 15941K, committed 15956K, reserved 1048576K
}
Event: 4316,664 GC heap before
{Heap before GC invocations=52 (full 0):
 garbage-first heap   total 249856K, used 121690K [0x0000000080000000, 0x0000000100000000)
  region size 1024K, 29 young (29696K), 2 survivors (2048K)
 Metaspace       used 118818K, capacity 122127K, committed 122400K, reserved 1155072K
  class space    used 14929K, capacity 16118K, committed 16212K, reserved 1048576K
}
Event: 4316,710 GC heap after
{Heap after GC invocations=53 (full 0):
 garbage-first heap   total 249856K, used 98983K [0x0000000080000000, 0x0000000100000000)
  region size 1024K, 5 young (5120K), 5 survivors (5120K)
 Metaspace       used 118818K, capacity 122127K, committed 122400K, reserved 1155072K
  class space    used 14929K, capacity 16118K, committed 16212K, reserved 1048576K
}
Event: 4324,424 GC heap before
{Heap before GC invocations=54 (full 0):
 garbage-first heap   total 249856K, used 167591K [0x0000000080000000, 0x0000000100000000)
  region size 1024K, 72 young (73728K), 5 survivors (5120K)
 Metaspace       used 119391K, capacity 122700K, committed 122912K, reserved 1157120K
  class space    used 15006K, capacity 16210K, committed 16212K, reserved 1048576K
}
Event: 4324,444 GC heap after
{Heap after GC invocations=55 (full 0):
 garbage-first heap   total 249856K, used 103825K [0x0000000080000000, 0x0000000100000000)
  region size 1024K, 8 young (8192K), 8 survivors (8192K)
 Metaspace       used 119391K, capacity 122700K, committed 122912K, reserved 1157120K
  class space    used 15006K, capacity 16210K, committed 16212K, reserved 1048576K
}
Event: 4324,500 GC heap before
{Heap before GC invocations=55 (full 0):
 garbage-first heap   total 249856K, used 107921K [0x0000000080000000, 0x0000000100000000)
  region size 1024K, 12 young (12288K), 8 survivors (8192K)
 Metaspace       used 119494K, capacity 122810K, committed 123040K, reserved 1157120K
  class space    used 15025K, capacity 16246K, committed 16340K, reserved 1048576K
}
Event: 4324,519 GC heap after
{Heap after GC invocations=56 (full 0):
 garbage-first heap   total 249856K, used 88032K [0x0000000080000000, 0x0000000100000000)
  region size 1024K, 2 young (2048K), 2 survivors (2048K)
 Metaspace       used 119494K, capacity 122810K, committed 123040K, reserved 1157120K
  class space    used 15025K, capacity 16246K, committed 16340K, reserved 1048576K
}
Event: 4324,660 GC heap before
{Heap before GC invocations=56 (full 0):
 garbage-first heap   total 249856K, used 104416K [0x0000000080000000, 0x0000000100000000)
  region size 1024K, 20 young (20480K), 2 survivors (2048K)
 Metaspace       used 119551K, capacity 122943K, committed 123296K, reserved 1157120K
  class space    used 15025K, capacity 16246K, committed 16340K, reserved 1048576K
}
Event: 4324,669 GC heap after
{Heap after GC invocations=57 (full 0):
 garbage-first heap   total 249856K, used 89616K [0x0000000080000000, 0x0000000100000000)
  region size 1024K, 3 young (3072K), 3 survivors (3072K)
 Metaspace       used 119551K, capacity 122943K, committed 123296K, reserved 1157120K
  class space    used 15025K, capacity 16246K, committed 16340K, reserved 1048576K
}
Event: 4325,264 GC heap before
{Heap before GC invocations=58 (full 0):
 garbage-first heap   total 249856K, used 182800K [0x0000000080000000, 0x0000000100000000)
  region size 1024K, 83 young (84992K), 3 survivors (3072K)
 Metaspace       used 119844K, capacity 123229K, committed 123552K, reserved 1157120K
  class space    used 15027K, capacity 16247K, committed 16340K, reserved 1048576K
}
Event: 4325,274 GC heap after
{Heap after GC invocations=59 (full 0):
 garbage-first heap   total 249856K, used 92321K [0x0000000080000000, 0x0000000100000000)
  region size 1024K, 4 young (4096K), 4 survivors (4096K)
 Metaspace       used 119844K, capacity 123229K, committed 123552K, reserved 1157120K
  class space    used 15027K, capacity 16247K, committed 16340K, reserved 1048576K
}
Event: 4586,103 GC heap before
{Heap before GC invocations=59 (full 0):
 garbage-first heap   total 249856K, used 99489K [0x0000000080000000, 0x0000000100000000)
  region size 1024K, 12 young (12288K), 4 survivors (4096K)
 Metaspace       used 119857K, capacity 123231K, committed 123552K, reserved 1157120K
  class space    used 15027K, capacity 16247K, committed 16340K, reserved 1048576K
}
Event: 4586,113 GC heap after
{Heap after GC invocations=60 (full 0):
 garbage-first heap   total 249856K, used 83771K [0x0000000080000000, 0x0000000100000000)
  region size 1024K, 1 young (1024K), 1 survivors (1024K)
 Metaspace       used 119857K, capacity 123231K, committed 123552K, reserved 1157120K
  class space    used 15027K, capacity 16247K, committed 16340K, reserved 1048576K
}
Event: 7380,458 GC heap before
{Heap before GC invocations=60 (full 0):
 garbage-first heap   total 249856K, used 173883K [0x0000000080000000, 0x0000000100000000)
  region size 1024K, 89 young (91136K), 1 survivors (1024K)
 Metaspace       used 119940K, capacity 123425K, committed 123808K, reserved 1157120K
  class space    used 15027K, capacity 16247K, committed 16340K, reserved 1048576K
}
Event: 7380,489 GC heap after
{Heap after GC invocations=61 (full 0):
 garbage-first heap   total 249856K, used 87032K [0x0000000080000000, 0x0000000100000000)
  region size 1024K, 4 young (4096K), 4 survivors (4096K)
 Metaspace       used 119940K, capacity 123425K, committed 123808K, reserved 1157120K
  class space    used 15027K, capacity 16247K, committed 16340K, reserved 1048576K
}

