# JRE version: OpenJDK Runtime Environment (11.0.10) (build 11.0.10+0-b96-7249189)
# Java VM: OpenJDK 64-Bit Server VM (11.0.10+0-b96-7249189, mixed mode, tiered, compressed oops, g1 gc, linux-amd64)
Heap:
 garbage-first heap   total 282624K, used 149501K [0x0000000080000000, 0x0000000100000000)
  region size 1024K, 56 young (57344K), 6 survivors (6144K)
 Metaspace       used 123576K, capacity 127769K, committed 128460K, reserved 1161216K
  class space    used 15355K, capacity 16920K, committed 17152K, reserved 1048576K
GC Heap History (20 events):
Event: 6884,080 GC heap before
{Heap before GC invocations=70 (full 0):
 garbage-first heap   total 282624K, used 143719K [0x0000000080000000, 0x0000000100000000)
  region size 1024K, 51 young (52224K), 2 survivors (2048K)
 Metaspace       used 123535K, capacity 127990K, committed 128076K, reserved 1161216K
  class space    used 15407K, capacity 17021K, committed 17024K, reserved 1048576K
}
Event: 6884,097 GC heap after
{Heap after GC invocations=71 (full 0):
 garbage-first heap   total 282624K, used 96910K [0x0000000080000000, 0x0000000100000000)
  region size 1024K, 4 young (4096K), 4 survivors (4096K)
 Metaspace       used 123535K, capacity 127990K, committed 128076K, reserved 1161216K
  class space    used 15407K, capacity 17021K, committed 17024K, reserved 1048576K
}
Event: 6949,788 GC heap before
{Heap before GC invocations=72 (full 0):
 garbage-first heap   total 282624K, used 234126K [0x0000000080000000, 0x0000000100000000)
  region size 1024K, 110 young (112640K), 4 survivors (4096K)
 Metaspace       used 123673K, capacity 128064K, committed 128332K, reserved 1161216K
  class space    used 15408K, capacity 17022K, committed 17024K, reserved 1048576K
}
Event: 6949,805 GC heap after
{Heap after GC invocations=73 (full 0):
 garbage-first heap   total 282624K, used 103234K [0x0000000080000000, 0x0000000100000000)
  region size 1024K, 10 young (10240K), 10 survivors (10240K)
 Metaspace       used 123673K, capacity 128064K, committed 128332K, reserved 1161216K
  class space    used 15408K, capacity 17022K, committed 17024K, reserved 1048576K
}
Event: 6949,810 GC heap before
{Heap before GC invocations=73 (full 0):
 garbage-first heap   total 282624K, used 105282K [0x0000000080000000, 0x0000000100000000)
  region size 1024K, 13 young (13312K), 10 survivors (10240K)
 Metaspace       used 123677K, capacity 128064K, committed 128332K, reserved 1161216K
  class space    used 15408K, capacity 17022K, committed 17024K, reserved 1048576K
}
Event: 6949,823 GC heap after
{Heap after GC invocations=74 (full 0):
 garbage-first heap   total 282624K, used 99905K [0x0000000080000000, 0x0000000100000000)
  region size 1024K, 2 young (2048K), 2 survivors (2048K)
 Metaspace       used 123677K, capacity 128064K, committed 128332K, reserved 1161216K
  class space    used 15408K, capacity 17022K, committed 17024K, reserved 1048576K
}
Event: 6949,940 GC heap before
{Heap before GC invocations=74 (full 0):
 garbage-first heap   total 282624K, used 139841K [0x0000000080000000, 0x0000000100000000)
  region size 1024K, 42 young (43008K), 2 survivors (2048K)
 Metaspace       used 123706K, capacity 128065K, committed 128332K, reserved 1161216K
  class space    used 15408K, capacity 17022K, committed 17024K, reserved 1048576K
}
Event: 6949,952 GC heap after
{Heap after GC invocations=75 (full 0):
 garbage-first heap   total 282624K, used 98829K [0x0000000080000000, 0x0000000100000000)
  region size 1024K, 1 young (1024K), 1 survivors (1024K)
 Metaspace       used 123706K, capacity 128065K, committed 128332K, reserved 1161216K
  class space    used 15408K, capacity 17022K, committed 17024K, reserved 1048576K
}
Event: 6973,316 GC heap before
{Heap before GC invocations=76 (full 0):
 garbage-first heap   total 282624K, used 244237K [0x0000000080000000, 0x0000000100000000)
  region size 1024K, 115 young (117760K), 1 survivors (1024K)
 Metaspace       used 123785K, capacity 128130K, committed 128332K, reserved 1161216K
  class space    used 15408K, capacity 17022K, committed 17024K, reserved 1048576K
}
Event: 6973,338 GC heap after
{Heap after GC invocations=77 (full 0):
 garbage-first heap   total 282624K, used 108479K [0x0000000080000000, 0x0000000100000000)
  region size 1024K, 11 young (11264K), 11 survivors (11264K)
 Metaspace       used 123785K, capacity 128130K, committed 128332K, reserved 1161216K
  class space    used 15408K, capacity 17022K, committed 17024K, reserved 1048576K
}
Event: 6973,340 GC heap before
{Heap before GC invocations=77 (full 0):
 garbage-first heap   total 282624K, used 109503K [0x0000000080000000, 0x0000000100000000)
  region size 1024K, 13 young (13312K), 11 survivors (11264K)
 Metaspace       used 123785K, capacity 128130K, committed 128332K, reserved 1161216K
  class space    used 15408K, capacity 17022K, committed 17024K, reserved 1048576K
}
Event: 6973,351 GC heap after
{Heap after GC invocations=78 (full 0):
 garbage-first heap   total 282624K, used 102404K [0x0000000080000000, 0x0000000100000000)
  region size 1024K, 1 young (1024K), 1 survivors (1024K)
 Metaspace       used 123785K, capacity 128130K, committed 128332K, reserved 1161216K
  class space    used 15408K, capacity 17022K, committed 17024K, reserved 1048576K
}
Event: 6973,440 GC heap before
{Heap before GC invocations=78 (full 0):
 garbage-first heap   total 282624K, used 133124K [0x0000000080000000, 0x0000000100000000)
  region size 1024K, 33 young (33792K), 1 survivors (1024K)
 Metaspace       used 123800K, capacity 128194K, committed 128332K, reserved 1161216K
  class space    used 15408K, capacity 17022K, committed 17024K, reserved 1048576K
}
Event: 6973,446 GC heap after
{Heap after GC invocations=79 (full 0):
 garbage-first heap   total 282624K, used 102258K [0x0000000080000000, 0x0000000100000000)
  region size 1024K, 1 young (1024K), 1 survivors (1024K)
 Metaspace       used 123800K, capacity 128194K, committed 128332K, reserved 1161216K
  class space    used 15408K, capacity 17022K, committed 17024K, reserved 1048576K
}
Event: 11558,704 GC heap before
{Heap before GC invocations=80 (full 0):
 garbage-first heap   total 282624K, used 233330K [0x0000000080000000, 0x0000000100000000)
  region size 1024K, 118 young (120832K), 1 survivors (1024K)
 Metaspace       used 123804K, capacity 128194K, committed 128332K, reserved 1161216K
  class space    used 15408K, capacity 17022K, committed 17024K, reserved 1048576K
}
Event: 11558,716 GC heap after
{Heap after GC invocations=81 (full 0):
 garbage-first heap   total 282624K, used 101787K [0x0000000080000000, 0x0000000100000000)
  region size 1024K, 1 young (1024K), 1 survivors (1024K)
 Metaspace       used 123804K, capacity 128194K, committed 128332K, reserved 1161216K
  class space    used 15408K, capacity 17022K, committed 17024K, reserved 1048576K
}
Event: 11799,777 GC heap before
{Heap before GC invocations=81 (full 0):
 garbage-first heap   total 282624K, used 114075K [0x0000000080000000, 0x0000000100000000)
  region size 1024K, 13 young (13312K), 1 survivors (1024K)
 Metaspace       used 123809K, capacity 128194K, committed 128332K, reserved 1161216K
  class space    used 15408K, capacity 17022K, committed 17024K, reserved 1048576K
}
Event: 11799,799 GC heap after
{Heap after GC invocations=82 (full 0):
 garbage-first heap   total 282624K, used 93952K [0x0000000080000000, 0x0000000100000000)
  region size 1024K, 2 young (2048K), 2 survivors (2048K)
 Metaspace       used 123809K, capacity 128194K, committed 128332K, reserved 1161216K
  class space    used 15408K, capacity 17022K, committed 17024K, reserved 1048576K
}
Event: 11800,241 GC heap before
{Heap before GC invocations=82 (full 0):
 garbage-first heap   total 282624K, used 130816K [0x0000000080000000, 0x0000000100000000)
  region size 1024K, 40 young (40960K), 2 survivors (2048K)
 Metaspace       used 123847K, capacity 128226K, committed 128460K, reserved 1161216K
  class space    used 15412K, capacity 17028K, committed 17152K, reserved 1048576K
}
Event: 11800,262 GC heap after
{Heap after GC invocations=83 (full 0):
 garbage-first heap   total 282624K, used 98301K [0x0000000080000000, 0x0000000100000000)
  region size 1024K, 6 young (6144K), 6 survivors (6144K)
 Metaspace       used 123847K, capacity 128226K, committed 128460K, reserved 1161216K
  class space    used 15412K, capacity 17028K, committed 17152K, reserved 1048576K
}

