# JRE version: OpenJDK Runtime Environment (11.0.10) (build 11.0.10+0-b96-7249189)
# Java VM: OpenJDK 64-Bit Server VM (11.0.10+0-b96-7249189, mixed mode, tiered, compressed oops, g1 gc, linux-amd64)
Heap:
 garbage-first heap   total 236544K, used 96076K [0x0000000080000000, 0x0000000100000000)
  region size 1024K, 12 young (12288K), 5 survivors (5120K)
 Metaspace       used 125105K, capacity 129335K, committed 130180K, reserved 1163264K
  class space    used 15423K, capacity 16929K, committed 17152K, reserved 1048576K
GC Heap History (20 events):
Event: 4369,446 GC heap before
{Heap before GC invocations=92 (full 0):
 garbage-first heap   total 236544K, used 96671K [0x0000000080000000, 0x0000000100000000)
  region size 1024K, 10 young (10240K), 1 survivors (1024K)
 Metaspace       used 124564K, capacity 128823K, committed 129668K, reserved 1161216K
  class space    used 15416K, capacity 16920K, committed 17152K, reserved 1048576K
}
Event: 4369,456 GC heap after
{Heap after GC invocations=93 (full 0):
 garbage-first heap   total 236544K, used 89964K [0x0000000080000000, 0x0000000100000000)
  region size 1024K, 2 young (2048K), 2 survivors (2048K)
 Metaspace       used 124564K, capacity 128823K, committed 129668K, reserved 1161216K
  class space    used 15416K, capacity 16920K, committed 17152K, reserved 1048576K
}
Event: 4503,246 GC heap before
{Heap before GC invocations=94 (full 0):
 garbage-first heap   total 236544K, used 196460K [0x0000000080000000, 0x0000000100000000)
  region size 1024K, 93 young (95232K), 2 survivors (2048K)
 Metaspace       used 124796K, capacity 129018K, committed 129924K, reserved 1163264K
  class space    used 15417K, capacity 16921K, committed 17152K, reserved 1048576K
}
Event: 4503,257 GC heap after
{Heap after GC invocations=95 (full 0):
 garbage-first heap   total 236544K, used 95401K [0x0000000080000000, 0x0000000100000000)
  region size 1024K, 5 young (5120K), 5 survivors (5120K)
 Metaspace       used 124796K, capacity 129018K, committed 129924K, reserved 1163264K
  class space    used 15417K, capacity 16921K, committed 17152K, reserved 1048576K
}
Event: 4503,305 GC heap before
{Heap before GC invocations=95 (full 0):
 garbage-first heap   total 236544K, used 101545K [0x0000000080000000, 0x0000000100000000)
  region size 1024K, 11 young (11264K), 5 survivors (5120K)
 Metaspace       used 124806K, capacity 129018K, committed 129924K, reserved 1163264K
  class space    used 15417K, capacity 16921K, committed 17152K, reserved 1048576K
}
Event: 4503,313 GC heap after
{Heap after GC invocations=96 (full 0):
 garbage-first heap   total 236544K, used 88711K [0x0000000080000000, 0x0000000100000000)
  region size 1024K, 2 young (2048K), 2 survivors (2048K)
 Metaspace       used 124806K, capacity 129018K, committed 129924K, reserved 1163264K
  class space    used 15417K, capacity 16921K, committed 17152K, reserved 1048576K
}
Event: 4503,400 GC heap before
{Heap before GC invocations=96 (full 0):
 garbage-first heap   total 236544K, used 106119K [0x0000000080000000, 0x0000000100000000)
  region size 1024K, 20 young (20480K), 2 survivors (2048K)
 Metaspace       used 124808K, capacity 129018K, committed 129924K, reserved 1163264K
  class space    used 15417K, capacity 16921K, committed 17152K, reserved 1048576K
}
Event: 4503,409 GC heap after
{Heap after GC invocations=97 (full 0):
 garbage-first heap   total 236544K, used 90269K [0x0000000080000000, 0x0000000100000000)
  region size 1024K, 4 young (4096K), 4 survivors (4096K)
 Metaspace       used 124808K, capacity 129018K, committed 129924K, reserved 1163264K
  class space    used 15417K, capacity 16921K, committed 17152K, reserved 1048576K
}
Event: 4552,402 GC heap before
{Heap before GC invocations=98 (full 0):
 garbage-first heap   total 236544K, used 194717K [0x0000000080000000, 0x0000000100000000)
  region size 1024K, 93 young (95232K), 4 survivors (4096K)
 Metaspace       used 124916K, capacity 129046K, committed 129924K, reserved 1163264K
  class space    used 15418K, capacity 16924K, committed 17152K, reserved 1048576K
}
Event: 4552,415 GC heap after
{Heap after GC invocations=99 (full 0):
 garbage-first heap   total 236544K, used 94552K [0x0000000080000000, 0x0000000100000000)
  region size 1024K, 6 young (6144K), 6 survivors (6144K)
 Metaspace       used 124916K, capacity 129046K, committed 129924K, reserved 1163264K
  class space    used 15418K, capacity 16924K, committed 17152K, reserved 1048576K
}
Event: 4552,459 GC heap before
{Heap before GC invocations=99 (full 0):
 garbage-first heap   total 236544K, used 99672K [0x0000000080000000, 0x0000000100000000)
  region size 1024K, 11 young (11264K), 6 survivors (6144K)
 Metaspace       used 124921K, capacity 129046K, committed 129924K, reserved 1163264K
  class space    used 15418K, capacity 16924K, committed 17152K, reserved 1048576K
}
Event: 4552,483 GC heap after
{Heap after GC invocations=100 (full 0):
 garbage-first heap   total 236544K, used 88110K [0x0000000080000000, 0x0000000100000000)
  region size 1024K, 2 young (2048K), 2 survivors (2048K)
 Metaspace       used 124921K, capacity 129046K, committed 129924K, reserved 1163264K
  class space    used 15418K, capacity 16924K, committed 17152K, reserved 1048576K
}
Event: 4552,580 GC heap before
{Heap before GC invocations=100 (full 0):
 garbage-first heap   total 236544K, used 109614K [0x0000000080000000, 0x0000000100000000)
  region size 1024K, 24 young (24576K), 2 survivors (2048K)
 Metaspace       used 124929K, capacity 129176K, committed 130180K, reserved 1163264K
  class space    used 15418K, capacity 16924K, committed 17152K, reserved 1048576K
}
Event: 4552,591 GC heap after
{Heap after GC invocations=101 (full 0):
 garbage-first heap   total 236544K, used 90263K [0x0000000080000000, 0x0000000100000000)
  region size 1024K, 5 young (5120K), 5 survivors (5120K)
 Metaspace       used 124929K, capacity 129176K, committed 130180K, reserved 1163264K
  class space    used 15418K, capacity 16924K, committed 17152K, reserved 1048576K
}
Event: 4552,903 GC heap before
{Heap before GC invocations=102 (full 0):
 garbage-first heap   total 236544K, used 165015K [0x0000000080000000, 0x0000000100000000)
  region size 1024K, 77 young (78848K), 5 survivors (5120K)
 Metaspace       used 124995K, capacity 129316K, committed 130180K, reserved 1163264K
  class space    used 15418K, capacity 16924K, committed 17152K, reserved 1048576K
}
Event: 4552,914 GC heap after
{Heap after GC invocations=103 (full 0):
 garbage-first heap   total 236544K, used 93558K [0x0000000080000000, 0x0000000100000000)
  region size 1024K, 6 young (6144K), 6 survivors (6144K)
 Metaspace       used 124995K, capacity 129316K, committed 130180K, reserved 1163264K
  class space    used 15418K, capacity 16924K, committed 17152K, reserved 1048576K
}
Event: 4655,089 GC heap before
{Heap before GC invocations=103 (full 0):
 garbage-first heap   total 236544K, used 109942K [0x0000000080000000, 0x0000000100000000)
  region size 1024K, 11 young (11264K), 6 survivors (6144K)
 Metaspace       used 125003K, capacity 129317K, committed 130180K, reserved 1163264K
  class space    used 15418K, capacity 16924K, committed 17152K, reserved 1048576K
}
Event: 4655,100 GC heap after
{Heap after GC invocations=104 (full 0):
 garbage-first heap   total 236544K, used 84845K [0x0000000080000000, 0x0000000100000000)
  region size 1024K, 1 young (1024K), 1 survivors (1024K)
 Metaspace       used 125003K, capacity 129317K, committed 130180K, reserved 1163264K
  class space    used 15418K, capacity 16924K, committed 17152K, reserved 1048576K
}
Event: 6451,816 GC heap before
{Heap before GC invocations=104 (full 0):
 garbage-first heap   total 236544K, used 167789K [0x0000000080000000, 0x0000000100000000)
  region size 1024K, 83 young (84992K), 1 survivors (1024K)
 Metaspace       used 125086K, capacity 129321K, committed 130180K, reserved 1163264K
  class space    used 15420K, capacity 16924K, committed 17152K, reserved 1048576K
}
Event: 6451,834 GC heap after
{Heap after GC invocations=105 (full 0):
 garbage-first heap   total 236544K, used 88908K [0x0000000080000000, 0x0000000100000000)
  region size 1024K, 5 young (5120K), 5 survivors (5120K)
 Metaspace       used 125086K, capacity 129321K, committed 130180K, reserved 1163264K
  class space    used 15420K, capacity 16924K, committed 17152K, reserved 1048576K
}

